Could not read previous export (for caching), doing full export.
Create copy: Exporting image
Create: Exporting image
BeaconEditScreen: Exporting image
Title-2: Exporting image
Description-2: Exporting image
Total Views-2: Exporting image
Group: Exporting image
Normal-2: Exporting image
background-2: Exporting image
Group-2-2: Exporting image
BeaconEditScreen-2: Exporting image
Title-2-2: Exporting image
Description-2-2: Exporting image
Total Views-2-2: Exporting image
Group-2: Exporting image
Normal-2-2: Exporting image
background-2-2: Exporting image
Group-2-3: Exporting image
BeaconEditScreen-3: Exporting image
Title-2-3: Exporting image
Description-2-3: Exporting image
Total Views-2-3: Exporting image
Group-3: Exporting image
Normal-2-3: Exporting image
background-2-3: Exporting image
Navigation Bar (Solid): Exporting image
Action Bar: Exporting image
Notification Bar (Solid): Exporting image
deactivate: Exporting image
Action Bar-2: Exporting image
icon_top: Exporting image
42 views changed
Success: /home/cc/cs162/fa14/class/cs162-bk/Documents/merchant_app.framer/imported/merchant_edit
