Could not read previous export (for caching), doing full export.
Renaming Action Bar -> Action Bar-2
top_bar: Exporting image
refresh: Exporting image
deactivate: Exporting image
Action Bar: Exporting image
Notification Bar (Solid): Exporting image
Navigation Bar (Solid): Exporting image
Action Bar: Exporting image
Normal: Exporting image
Group 1 copy 4: Exporting image
Group 2 copy 4: Exporting image
oval copy 4: Exporting image
Group 1 copy 3: Exporting image
oval copy 3: Exporting image
Group 2 copy 3: Exporting image
Group 1 copy 2: Exporting image
Group 2 copy 2: Exporting image
oval copy 2: Exporting image
Group 1 copy: Exporting image
Group 2 copy: Exporting image
oval copy: Exporting image
Group 1: Exporting image
Group 2: Exporting image
oval: Exporting image
28 views changed
Success: /home/cc/cs162/fa14/class/cs162-bk/Documents/merchant_app.framer/imported/merchant_list
